{
  "RSpec": {
    "coverage": {
      "/Users/apprentice/Desktop/inventory-management/config/environment.rb": [
        null,
        1,
        null,
        null,
        1
      ],
      "/Users/apprentice/Desktop/inventory-management/config/application.rb": [
        1,
        null,
        1,
        null,
        1,
        1,
        1,
        1,
        1,
        1,
        1,
        1,
        null,
        null,
        null,
        null,
        1,
        null,
        1,
        1,
        null,
        1,
        null,
        null,
        null,
        null,
        null,
        null,
        1,
        null,
        null
      ],
      "/Users/apprentice/Desktop/inventory-management/config/boot.rb": [
        1,
        null,
        1
      ],
      "/Users/apprentice/Desktop/inventory-management/config/environments/test.rb": [
        1,
        null,
        null,
        null,
        null,
        null,
        null,
        1,
        null,
        null,
        null,
        null,
        1,
        null,
        null,
        1,
        1,
        null,
        null,
        null,
        null,
        1,
        1,
        null,
        null,
        1,
        null,
        null,
        1,
        1,
        null,
        null,
        null,
        null,
        1,
        null,
        null,
        1,
        null,
        null,
        null,
        null
      ],
      "/Users/apprentice/Desktop/inventory-management/config/initializers/application_controller_renderer.rb": [
        null,
        null,
        null,
        null,
        null,
        null,
        null,
        null
      ],
      "/Users/apprentice/Desktop/inventory-management/config/initializers/assets.rb": [
        null,
        null,
        null,
        1,
        null,
        null,
        null,
        null,
        1,
        null,
        null,
        null,
        null,
        null
      ],
      "/Users/apprentice/Desktop/inventory-management/config/initializers/backtrace_silencers.rb": [
        null,
        null,
        null,
        null,
        null,
        null,
        null
      ],
      "/Users/apprentice/Desktop/inventory-management/config/initializers/cookies_serializer.rb": [
        null,
        null,
        null,
        null,
        1
      ],
      "/Users/apprentice/Desktop/inventory-management/config/initializers/filter_parameter_logging.rb": [
        null,
        null,
        null,
        1
      ],
      "/Users/apprentice/Desktop/inventory-management/config/initializers/inflections.rb": [
        null,
        null,
        null,
        null,
        null,
        null,
        null,
        null,
        null,
        null,
        null,
        null,
        null,
        null,
        null,
        null
      ],
      "/Users/apprentice/Desktop/inventory-management/config/initializers/mime_types.rb": [
        null,
        null,
        null,
        null
      ],
      "/Users/apprentice/Desktop/inventory-management/config/initializers/wrap_parameters.rb": [
        null,
        null,
        null,
        null,
        null,
        null,
        1,
        2,
        null,
        null,
        null,
        null,
        null,
        null
      ],
      "/Users/apprentice/Desktop/inventory-management/config/routes.rb": [
        1,
        1,
        1,
        1,
        1,
        1,
        1,
        1,
        1,
        null
      ],
      "/Users/apprentice/Desktop/inventory-management/app/helpers/application_helper.rb": [
        1,
        null
      ],
      "/Users/apprentice/Desktop/inventory-management/app/helpers/employees_helper.rb": [
        1,
        null
      ],
      "/Users/apprentice/Desktop/inventory-management/app/helpers/orders_helper.rb": [
        1,
        null
      ],
      "/Users/apprentice/Desktop/inventory-management/app/helpers/parts_helper.rb": [
        1,
        null
      ],
      "/Users/apprentice/Desktop/inventory-management/app/helpers/sessions_helper.rb": [
        1,
        null
      ],
      "/Users/apprentice/Desktop/inventory-management/app/helpers/warehouses_helper.rb": [
        1,
        null
      ],
      "/Users/apprentice/Desktop/inventory-management/app/controllers/warehouses_controller.rb": [
        1,
        1,
        1,
        null,
        null,
        1,
<
        null
      ],
      "/Users/apprentice/Desktop/inventory-management/app/controllers/application_controller.rb": [
        1,
        1,
        null,
        1,
        14,
        null,
        1,
        null,
        1,
        14,
        null,
        null
      ],
      "/Users/apprentice/Desktop/inventory-management/app/models/employee.rb": [
        1,
        1,
        1,
        null,
        1,
        null
      ],
      "/Users/apprentice/Desktop/inventory-management/app/models/application_record.rb": [
        1,
        1,
        null
      ],
      "/Users/apprentice/Desktop/inventory-management/app/models/warehouse.rb": [
        1,
        null,
        1,
        3,
        3,
        3,
        1,
        1,
        1,
        4,
        null,
        null,
        1,
        4,
        null,
        null,
        null
      ],
      "/Users/apprentice/Desktop/client-project-challenge/rocket-labs/app/models/order.rb": [
        1,
        1,
        1,
        1,
        1,
        4,
        4,
        1,
        null,
        3,
        3,
        null,
        null,
        null,
        1,
        null,
        1,
        4,
        null,
        null
      ],
      "/Users/apprentice/Desktop/client-project-challenge/rocket-labs/spec/models/part_spec.rb": [
        1,
        null,
        1,
        3,
        3,
        3,
        3,
        null,
        1,
        0,
        1,
        1,
        1,
        1,
        1,
        1,
        null,
        null,
        null,
        null,
        null
      ],
      "/Users/apprentice/Desktop/inventory-management/app/models/inventory.rb": [
        1,
        1,
        1,
        1,
        1,
        1,
        null,
        1,
        0,
        2,
        2,
        2,
        2,
        null,
        null
      ],
      "/Users/apprentice/Desktop/inventory-management/app/models/part.rb": [
        1,
        1,
        1,
        1,
        null,
        1,
        0,
        0,
        0,
        0,
        1,
        1,
        1,
        null,
        null,
        null
      ],
      "/Users/apprentice/Desktop/client-project-challenge/rocket-labs/app/models/warehouse.rb": [
        1,
        1,
        1,
        1,
        1,
        null,
        1,
        3,
        null,
        null
      ]
    },
    "timestamp": 1508549659
  }
}
